{
  "RSpec": {
    "coverage": {
      "/home/oduola/projects/shotly/spec/rails_helper.rb": [
        null,
        1,
        1,
        1,
        1,
        1,
        1,
        1,
        1,
        1,
        1,
        null,
        null,
        null,
        null,
        null,
        null,
        null,
        null,
        null,
        null,
        null,
        null,
        null,
        null,
        null,
        5,
        null,
        null,
        null,
        1,
        null,
        null,
        null,
        null,
        null,
        null,
        null,
        null,
        null,
        null,
        null,
        null,
        null,
        null,
        null,
        null,
        null,
        null,
        null,
        null,
        null,
        null,
        null,
        null,
        null,
        null,
        null,
        null,
        null,
        1,
        1,
        2,
        27,
        3,
        27,
        27,
        null,
        1,
        null,
        null,
        1,
        1,
        null,
        null
      ],
      "/home/oduola/projects/shotly/config/environment.rb": [
        null,
        1,
        null,
        null,
        1
      ],
      "/home/oduola/projects/shotly/config/application.rb": [
        1,
        null,
        1,
        null,
        null,
        null,
        1,
        null,
        1,
        1,
        null,
        1,
        1,
        null,
        null,
        null,
        null,
        null,
        null,
        1,
        null,
        null,
        null,
        null,
        null,
        null,
        null,
        null,
        null,
        null,
        null,
        null,
        null,
        null,
        null,
        1,
        null,
        null
      ],
      "/home/oduola/projects/shotly/config/boot.rb": [
        1,
        null,
        1
      ],
      "/home/oduola/projects/shotly/config/environments/test.rb": [
        1,
        null,
        null,
        null,
        null,
        null,
        null,
        1,
        null,
        null,
        null,
        null,
        1,
        null,
        null,
        1,
        1,
        null,
        null,
        1,
        1,
        null,
        null,
        1,
        null,
        null,
        1,
        null,
        null,
        null,
        null,
        1,
        null,
        null,
        1,
        null,
        null,
        1,
        null,
        null,
        null,
        null
      ],
      "/home/oduola/projects/shotly/config/initializers/assets.rb": [
        null,
        null,
        null,
        1,
        null,
        null,
        null,
        null,
        null,
        null,
        null
      ],
      "/home/oduola/projects/shotly/config/initializers/backtrace_silencers.rb": [
        null,
        null,
        null,
        null,
        null,
        null,
        null
      ],
      "/home/oduola/projects/shotly/config/initializers/cookies_serializer.rb": [
        null,
        null,
        1
      ],
      "/home/oduola/projects/shotly/config/initializers/filter_parameter_logging.rb": [
        null,
        null,
        null,
        1
      ],
      "/home/oduola/projects/shotly/config/initializers/inflections.rb": [
        null,
        null,
        null,
        null,
        null,
        null,
        null,
        null,
        null,
        null,
        null,
        null,
        null,
        null,
        null,
        null
      ],
      "/home/oduola/projects/shotly/config/initializers/mime_types.rb": [
        null,
        null,
        null,
        null
      ],
      "/home/oduola/projects/shotly/config/initializers/omniauth.rb": [
        1,
        1,
        1,
        null,
        1,
        1,
        null
      ],
      "/home/oduola/projects/shotly/config/initializers/session_store.rb": [
        null,
        null,
        1
      ],
      "/home/oduola/projects/shotly/config/initializers/wrap_parameters.rb": [
        null,
        null,
        null,
        null,
        null,
        null,
        1,
        1,
        null,
        null,
        null,
        null,
        null,
        null
      ],
      "/home/oduola/projects/shotly/spec/factories/clicks.rb": [
        1,
        1,
        1,
        1,
        1,
        null,
        null
      ],
      "/home/oduola/projects/shotly/spec/factories/links.rb": [
        1,
        null,
        1,
        1,
        24,
        null,
        null,
        1,
        1,
        null,
        null
      ],
      "/home/oduola/projects/shotly/spec/factories/users.rb": [
        1,
        1,
        1,
        1,
        1,
        1,
        null,
        null,
        null
      ],
      "/home/oduola/projects/shotly/config/routes.rb": [
        1,
        1,
        1,
        1,
        1,
        1,
        1,
        1,
        null,
        null,
        null,
        null,
        null,
        null,
        null,
        null,
        null,
        null,
        null,
        null,
        null,
        null,
        null,
        null,
        null,
        null,
        null,
        null,
        null,
        null,
        null,
        null,
        null,
        null,
        null,
        null,
        null,
        null,
        null,
        null,
        null,
        null,
        null,
        null,
        null,
        null,
        null,
        null,
        null,
        null,
        null,
        null,
        null,
        null,
        null,
        null,
        null,
        null,
        null,
        null,
        null,
        null,
        null,
        null,
        null
      ],
      "/home/oduola/projects/shotly/app/helpers/application_helper.rb": [
        1,
        null
      ],
      "/home/oduola/projects/shotly/app/helpers/clicks_helper.rb": [
        1,
        1,
        0,
        null,
        null,
        1,
        0,
        null,
        null
      ],
      "/home/oduola/projects/shotly/app/helpers/links_helper.rb": [
        1,
        1,
        52,
        null,
        null
      ],
      "/home/oduola/projects/shotly/app/helpers/pages_helper.rb": [
        1,
        null
      ],
      "/home/oduola/projects/shotly/app/helpers/sessions_helper.rb": [
        1,
        null
      ],
      "/home/oduola/projects/shotly/spec/support/capybara.rb": [
        1
      ],
      "/home/oduola/projects/shotly/spec/support/database_cleaner.rb": [
        1,
        1,
        1,
        null,
        null,
        1,
        26,
        null,
        null,
        1,
        2,
        null,
        null,
        1,
        26,
        null,
        null,
        1,
        26,
        null,
        null
      ],
      "/home/oduola/projects/shotly/spec/support/omniauth_helpers.rb": [
        1,
        1,
        null,
        1,
        2,
        null,
        null,
        1,
        1,
        null,
        null,
        1,
        2,
        null,
        null,
        null,
        null,
        null,
        null,
        null,
        null,
        null,
        null,
        null,
        null,
        null,
        null,
        null,
        null,
        null,
        null,
        null,
        null,
        null,
        null,
        null,
        null,
        null,
        null,
        null,
        null,
        null,
        null,
        null,
        null,
        null,
        null,
        null,
        null,
        null,
        null
      ],
      "/home/oduola/projects/shotly/spec/support/factory_girl.rb": [
        1,
        1,
        null
      ],
      "/home/oduola/projects/shotly/spec/controller/link_controller_spec.rb": [
        1,
        null,
        1,
        1,
        1,
        13,
        1,
        12,
        null,
        1,
        1,
        1,
        1,
        null,
        null,
        1,
        1,
        1,
        null,
        null,
        1,
        3,
        null,
        null,
        1,
        1,
        1,
        null,
        null,
        null,
        1,
        1,
        1,
        1,
        1,
        null,
        null,
        null,
        1,
        1,
        1,
        null,
        null,
        1,
        3,
        null,
        null,
        1,
        1,
        1,
        null,
        null,
        null,
        1,
        1,
        1,
        1,
        null,
        null,
        1,
        2,
        null,
        null,
        1,
        1,
        1,
        null,
        null,
        null,
        null,
        1,
        1,
        2,
        2,
        null,
        null,
        1,
        1,
        1,
        1,
        null,
        null,
        1,
        1,
        1,
        1,
        null,
        null,
        null,
        1,
        1,
        1,
        1,
        1,
        null,
        null,
        1,
        1,
        1,
        1,
        null,
        null,
        null,
        1,
        1,
        1,
        null,
        1,
        1,
        0,
        null,
        null,
        null
      ],
      "/home/oduola/projects/shotly/app/controllers/links_controller.rb": [
        1,
        1,
        1,
        null,
        1,
        1,
        null,
        null,
        1,
        0,
        null,
        null,
        null,
        null,
        1,
        1,
        1,
        1,
        1,
        1,
        1,
        null,
        null,
        null,
        null,
        null,
        null,
        null,
        null,
        1,
        null,
        null,
        null,
        null,
        null,
        1,
        7,
        7,
        null,
        7,
        7,
        4,
        2,
        null,
        6,
        3,
        null,
        null,
        3,
        6,
        3,
        null,
        null,
        null,
        null,
        null,
        null,
        1,
        1,
        1,
        2,
        1,
        null,
        0,
        0,
        null,
        null,
        null,
        null,
        null,
        null,
        1,
        1,
        null,
        1,
        2,
        1,
        null,
        null,
        null,
        1,
        0,
        0,
        0,
        0,
        0,
        0,
        0,
        0,
        0,
        null,
        0,
        null,
        null,
        null,
        1,
        null,
        1,
        6,
        null,
        null,
        null,
        1,
        8,
        null,
        null
      ],
      "/home/oduola/projects/shotly/app/controllers/application_controller.rb": [
        1,
        null,
        null,
        1,
        null,
        1,
        null,
        1,
        51,
        null,
        null,
        1,
        10,
        4,
        null,
        null,
        null,
        1,
        null,
        null
      ],
      "/home/oduola/projects/shotly/spec/controller/page_controller_spec.rb": [
        1,
        null,
        1,
        1,
        4,
        4,
        4,
        4,
        4,
        null,
        null,
        1,
        1,
        1,
        1,
        null,
        null,
        1,
        1,
        1,
        null,
        null,
        null,
        1,
        1,
        1,
        1,
        null,
        null,
        1,
        1,
        1,
        null,
        null,
        null
      ],
      "/home/oduola/projects/shotly/app/controllers/pages_controller.rb": [
        1,
        1,
        1,
        1,
        12,
        12,
        12,
        12,
        null,
        null,
        1,
        3,
        3,
        3,
        null,
        null,
        1,
        null,
        1,
        16,
        null,
        null
      ],
      "/home/oduola/projects/shotly/spec/feature/index_view_spec.rb": [
        1,
        null,
        1,
        null,
        1,
        6,
        null,
        null,
        1,
        1,
        1,
        1,
        null,
        null,
        null,
        1,
        1,
        1,
        1,
        1,
        1,
        1,
        1,
        null,
        null,
        1,
        1,
        1,
        1,
        1,
        1,
        1,
        null,
        null,
        1,
        1,
        1,
        1,
        1,
        1,
        1,
        1,
        null,
        null,
        null,
        1,
        1,
        1,
        1,
        1,
        1,
        null,
        null,
        1,
        1,
        1,
        1,
        1,
        null,
        null,
        null,
        null
      ],
      "/home/oduola/projects/shotly/spec/models/click_spec.rb": [
        1,
        null,
        1,
        1,
        null
      ],
      "/home/oduola/projects/shotly/app/models/click.rb": [
        1,
        1,
        1,
        null,
        1,
        1,
        1,
        17,
        1,
        null,
        null,
        1,
        1,
        1,
        1,
        1,
        1,
        1,
        null,
        null,
        1,
        1,
        1,
        1,
        null,
        null,
        1,
        1,
        1,
        16,
        16,
        null,
        1,
        null,
        null,
        1,
        null,
        1,
        null,
        null
      ],
      "/home/oduola/projects/shotly/app/models/link.rb": [
        1,
        1,
        1,
        null,
        null,
        1,
        1,
        1,
        null,
        1,
        17,
        null,
        1,
        29,
        null,
        null,
        1,
        null,
        1,
        37,
        null,
        null,
        null,
        1,
        35,
        35,
        35,
        0,
        null,
        35,
        null,
        null
      ],
      "/home/oduola/projects/shotly/app/models/user.rb": [
        1,
        1,
        1,
        2,
        null,
        null,
        1,
        2,
        null,
        null,
        null,
        null,
        null,
        null,
        null,
        17,
        null
      ],
      "/home/oduola/projects/shotly/spec/models/link_spec.rb": [
        1,
        null,
        1,
        1,
        1,
        null,
        null,
        1,
        1,
        null,
        null,
        1,
        4,
        null,
        1,
        1,
        null,
        null,
        1,
        1,
        null,
        null,
        null
      ],
      "/home/oduola/projects/shotly/spec/models/user_spec.rb": [
        1,
        null,
        1,
        1,
        null
      ],
      "/home/oduola/projects/shotly/app/controllers/sessions_controller.rb": [
        1,
        1,
        2,
        2,
        2,
        2,
        2,
        null,
        null,
        1,
        1,
        1,
        1,
        null,
        null,
        1,
        1,
        null,
        null
      ]
    },
    "timestamp": 1449835321
  }
}
